TN:
SF:/afs/cats.ucsc.edu/users/q/yli685/cse111/Assignment3/src/Circle.cc
FN:9,_ZN6CircleC2ERK5Pointd
FNDA:1383,_ZN6CircleC2ERK5Pointd
FN:15,_ZN6Circle11ContainedByER16ReuleauxTriangle
FNDA:56,_ZN6Circle11ContainedByER16ReuleauxTriangle
FN:24,_ZN6Circle11ContainedByER7Polygon
FNDA:56,_ZN6Circle11ContainedByER7Polygon
FN:40,_ZN6Circle11ContainedByERS_
FNDA:160,_ZN6Circle11ContainedByERS_
FN:47,_ZN6Circle6CenterEv
FNDA:2394,_ZN6Circle6CenterEv
FN:52,_ZN6Circle6RadiusEv
FNDA:1514,_ZN6Circle6RadiusEv
DA:9,1383
DA:11,1383
DA:12,1383
DA:13,1383
DA:15,56
DA:17,56
DA:18,56
DA:19,56
DA:20,56
BRDA:20,0,0,24
BRDA:20,0,1,32
BRDA:20,0,2,24
BRDA:20,0,3,0
BRDA:20,0,4,24
BRDA:20,0,5,0
DA:24,56
DA:27,112
DA:28,112
DA:29,56
BRDA:29,0,0,32
BRDA:29,0,1,24
DA:30,144
BRDA:30,0,0,120
BRDA:30,0,1,24
DA:31,120
BRDA:31,0,0,8
BRDA:31,0,1,112
DA:32,8
DA:35,24
DA:37,24
DA:40,160
DA:42,160
DA:43,160
DA:44,160
DA:47,2394
DA:49,2394
DA:52,1514
DA:54,1514
end_of_record
TN:
SF:/afs/cats.ucsc.edu/users/q/yli685/cse111/Assignment3/src/Reuleaux.cc
FN:8,_ZN16ReuleauxTriangleC2EPK5Point
FNDA:126,_ZN16ReuleauxTriangleC2EPK5Point
FN:16,_Z4inRTR5PointR16ReuleauxTriangle
FNDA:42,_Z4inRTR5PointR16ReuleauxTriangle
FN:22,_Z7crossRTR16ReuleauxTriangleR5PointS2_
FNDA:27,_Z7crossRTR16ReuleauxTriangleR5PointS2_
FN:28,_ZN16ReuleauxTriangle11ContainedByER6Circle
FNDA:66,_ZN16ReuleauxTriangle11ContainedByER6Circle
FN:52,_ZN16ReuleauxTriangle11ContainedByER7Polygon
FNDA:21,_ZN16ReuleauxTriangle11ContainedByER7Polygon
FN:78,_ZN16ReuleauxTriangle11ContainedByERS_
FNDA:21,_ZN16ReuleauxTriangle11ContainedByERS_
FN:90,_ZN16ReuleauxTriangle8Vertice1Ev
FNDA:132,_ZN16ReuleauxTriangle8Vertice1Ev
FN:94,_ZN16ReuleauxTriangle8Vertice2Ev
FNDA:132,_ZN16ReuleauxTriangle8Vertice2Ev
FN:98,_ZN16ReuleauxTriangle8Vertice3Ev
FNDA:132,_ZN16ReuleauxTriangle8Vertice3Ev
FN:103,_ZN16ReuleauxTriangle6RadiusEv
FNDA:405,_ZN16ReuleauxTriangle6RadiusEv
DA:8,126
DA:10,126
DA:11,126
DA:12,126
DA:13,126
DA:14,126
DA:16,42
DA:17,42
DA:18,42
DA:19,42
DA:20,42
BRDA:20,0,0,36
BRDA:20,0,1,6
BRDA:20,0,2,33
BRDA:20,0,3,3
BRDA:20,0,4,33
BRDA:20,0,5,0
DA:22,27
DA:23,27
DA:24,27
DA:25,27
DA:26,27
BRDA:26,0,0,18
BRDA:26,0,1,9
BRDA:26,0,2,12
BRDA:26,0,3,6
BRDA:26,0,4,6
BRDA:26,0,5,6
DA:28,66
DA:30,66
BRDA:30,0,0,57
BRDA:30,0,1,9
BRDA:30,0,2,42
BRDA:30,0,3,15
BRDA:30,0,4,42
BRDA:30,0,5,0
BRDA:30,0,6,42
BRDA:30,0,7,24
DA:31,42
DA:32,42
BRDA:32,0,0,33
BRDA:32,0,1,9
DA:33,33
DA:36,9
DA:37,9
DA:38,9
DA:39,9
BRDA:39,0,0,3
BRDA:39,0,1,6
DA:40,9
BRDA:40,0,0,3
BRDA:40,0,1,6
DA:41,9
BRDA:41,0,0,0
BRDA:41,0,1,9
DA:42,0
DA:45,9
DA:49,24
DA:52,21
DA:54,42
DA:55,21
BRDA:55,0,0,15
BRDA:55,0,1,6
BRDA:55,0,2,9
BRDA:55,0,3,6
BRDA:55,0,4,9
BRDA:55,0,5,0
BRDA:55,0,6,9
BRDA:55,0,7,12
BRDA:55,0,8,15
BRDA:55,0,9,6
BRDA:55,0,10,21
BRDA:55,0,11,0
BRDA:55,0,12,9
BRDA:55,0,13,12
DA:56,33
BRDA:56,0,0,27
BRDA:56,0,1,6
DA:57,27
BRDA:57,0,0,6
BRDA:57,0,1,21
DA:58,6
DA:59,6
BRDA:59,0,0,3
BRDA:59,0,1,3
DA:60,3
DA:62,6
BRDA:62,0,0,3
BRDA:62,0,1,3
DA:63,3
DA:65,6
BRDA:65,0,0,3
BRDA:65,0,1,3
DA:66,3
DA:68,6
BRDA:68,0,0,3
BRDA:68,0,1,3
DA:69,3
DA:73,6
DA:75,12
DA:78,21
DA:80,21
DA:81,21
DA:82,21
DA:83,21
BRDA:83,0,0,15
BRDA:83,0,1,6
BRDA:83,0,2,9
BRDA:83,0,3,6
BRDA:83,0,4,9
BRDA:83,0,5,0
BRDA:83,0,6,9
BRDA:83,0,7,12
DA:84,9
DA:86,12
DA:90,132
DA:92,132
DA:94,132
DA:96,132
DA:98,132
DA:100,132
DA:103,405
DA:105,405
end_of_record
TN:
SF:/afs/cats.ucsc.edu/users/q/yli685/cse111/Assignment3/src/Geom.cc
FN:12,_ZN4Geom23Point_to_Point_DistanceERK5PointS2_
FNDA:1120,_ZN4Geom23Point_to_Point_DistanceERK5PointS2_
FN:20,_ZN4Geom9onSegmentE5PointS0_S0_
FNDA:197,_ZN4Geom9onSegmentE5PointS0_S0_
FN:28,_Z11orientation5PointS_S_
FNDA:5638,_Z11orientation5PointS_S_
FN:37,_ZN4Geom16segmentIntersectE5PointS0_S0_S0_
FNDA:1244,_ZN4Geom16segmentIntersectE5PointS0_S0_S0_
FN:69,_ZN4Geom8isInsideESt6vectorI5PointSaIS1_EEiS1_
FNDA:270,_ZN4Geom8isInsideESt6vectorI5PointSaIS1_EEiS1_
FN:106,_ZN4Geom25Point_to_Segment_DistanceERK5PointS2_S2_
FNDA:120,_ZN4Geom25Point_to_Segment_DistanceERK5PointS2_S2_
FN:166,_ZN4Geom10isInCircleER6CircleR5Point
FNDA:736,_ZN4Geom10isInCircleER6CircleR5Point
FN:172,_ZN4Geom11crossCircleER5PointS1_R6Circle
FNDA:154,_ZN4Geom11crossCircleER5PointS1_R6Circle
DA:12,1120
DA:14,1120
DA:20,197
DA:22,322
BRDA:22,0,0,43
BRDA:22,0,1,154
BRDA:22,0,2,168
BRDA:22,0,3,29
BRDA:22,0,4,106
BRDA:22,0,5,62
BRDA:22,0,6,125
BRDA:22,0,7,43
BRDA:22,0,8,111
BRDA:22,0,9,14
DA:23,236
BRDA:23,0,0,37
BRDA:23,0,1,88
BRDA:23,0,2,27
BRDA:23,0,3,84
BRDA:23,0,4,110
BRDA:23,0,5,1
DA:24,110
DA:25,87
DA:28,5638
DA:30,5638
DA:31,5638
DA:33,5638
BRDA:33,0,0,992
BRDA:33,0,1,4646
DA:34,4646
BRDA:34,0,0,1742
BRDA:34,0,1,2904
DA:37,1244
DA:41,1244
DA:42,1244
DA:43,1244
DA:44,1244
DA:47,1244
BRDA:47,0,0,1000
BRDA:47,0,1,244
BRDA:47,0,2,928
BRDA:47,0,3,72
BRDA:47,0,4,902
BRDA:47,0,5,26
BRDA:47,0,6,26
BRDA:47,0,7,876
DA:48,368
DA:50,876
BRDA:50,0,0,241
BRDA:50,0,1,635
BRDA:50,0,2,118
BRDA:50,0,3,123
DA:51,118
DA:66,758
DA:69,270
DA:72,270
BRDA:72,0,0,0
BRDA:72,0,1,270
DA:75,270
DA:78,270
DA:79,510
DA:81,780
DA:85,780
BRDA:85,0,0,118
BRDA:85,0,1,662
DA:87,118
DA:92,662
BRDA:92,0,0,128
BRDA:92,0,1,534
DA:93,128
DA:95,652
DA:96,652
BRDA:96,0,0,510
BRDA:96,0,1,142
DA:99,142
DA:106,120
DA:110,120
DA:111,120
DA:112,120
DA:115,120
DA:116,120
DA:117,120
DA:120,120
DA:121,120
DA:122,120
DA:128,120
DA:129,120
DA:133,120
DA:136,120
BRDA:136,0,0,0
BRDA:136,0,1,120
DA:139,0
DA:140,0
DA:141,0
DA:145,120
BRDA:145,0,0,0
BRDA:145,0,1,120
DA:146,0
DA:147,0
DA:148,0
DA:155,120
DA:156,120
DA:157,120
DA:158,120
DA:159,120
DA:160,120
DA:162,120
DA:166,736
DA:168,736
DA:172,154
DA:174,154
DA:175,154
DA:176,154
DA:177,154
DA:178,154
DA:179,154
end_of_record
TN:
SF:/afs/cats.ucsc.edu/users/q/yli685/cse111/Assignment3/src/Polygon.cc
FN:8,_ZN7PolygonC2ESt6vectorI5PointSaIS1_EE
FNDA:218,_ZN7PolygonC2ESt6vectorI5PointSaIS1_EE
FN:21,_ZN7Polygon11ContainedByER6Circle
FNDA:100,_ZN7Polygon11ContainedByER6Circle
FN:33,_ZN7Polygon11ContainedByERS_
FNDA:42,_ZN7Polygon11ContainedByERS_
FN:50,_ZN7Polygon11ContainedByER16ReuleauxTriangle
FNDA:35,_ZN7Polygon11ContainedByER16ReuleauxTriangle
FN:58,_ZN7Polygon8VerticesEv
FNDA:368,_ZN7Polygon8VerticesEv
FN:63,_ZN7Polygon5SidesEv
FNDA:117,_ZN7Polygon5SidesEv
DA:8,218
DA:10,218
DA:11,218
DA:12,218
DA:13,1152
BRDA:13,0,0,934
BRDA:13,0,1,218
DA:14,934
DA:15,934
DA:16,934
DA:17,934
DA:19,218
DA:21,100
DA:23,100
DA:24,100
DA:25,345
BRDA:25,0,0,290
BRDA:25,0,1,55
DA:26,290
BRDA:26,0,0,70
BRDA:26,0,1,220
BRDA:26,0,2,45
BRDA:26,0,3,25
BRDA:26,0,4,45
BRDA:26,0,5,245
DA:27,45
DA:30,55
DA:33,42
DA:35,121
BRDA:35,0,0,106
BRDA:35,0,1,15
DA:36,106
BRDA:36,0,0,27
BRDA:36,0,1,79
DA:37,27
DA:40,80
BRDA:40,0,0,65
BRDA:40,0,1,15
DA:41,334
BRDA:41,0,0,269
BRDA:41,0,1,65
DA:42,269
BRDA:42,0,0,0
BRDA:42,0,1,269
DA:43,0
DA:47,15
DA:50,35
DA:52,35
DA:53,35
DA:54,35
DA:55,35
BRDA:55,0,0,15
BRDA:55,0,1,20
BRDA:55,0,2,15
BRDA:55,0,3,0
BRDA:55,0,4,15
BRDA:55,0,5,0
DA:58,368
DA:60,368
DA:63,117
DA:65,117
end_of_record
