TN:
SF:/afs/cats.ucsc.edu/users/q/yli685/cse111/Assignment3/src/Circle.cc
FN:9,_ZN6CircleC2ERK5Pointd
FNDA:717,_ZN6CircleC2ERK5Pointd
FN:15,_ZN6Circle11ContainedByER16ReuleauxTriangle
FNDA:28,_ZN6Circle11ContainedByER16ReuleauxTriangle
FN:24,_ZN6Circle11ContainedByER7Polygon
FNDA:29,_ZN6Circle11ContainedByER7Polygon
FN:40,_ZN6Circle11ContainedByERS_
FNDA:80,_ZN6Circle11ContainedByERS_
FN:47,_ZN6Circle6CenterEv
FNDA:1245,_ZN6Circle6CenterEv
FN:52,_ZN6Circle6RadiusEv
FNDA:780,_ZN6Circle6RadiusEv
DA:9,717
DA:11,717
DA:12,717
DA:13,717
DA:15,28
DA:17,28
DA:18,28
DA:19,28
DA:20,28
BRDA:20,0,0,12
BRDA:20,0,1,16
BRDA:20,0,2,12
BRDA:20,0,3,0
BRDA:20,0,4,12
BRDA:20,0,5,0
DA:24,29
DA:27,58
DA:28,58
DA:29,29
BRDA:29,0,0,17
BRDA:29,0,1,12
DA:30,71
BRDA:30,0,0,59
BRDA:30,0,1,12
DA:31,59
BRDA:31,0,0,5
BRDA:31,0,1,54
DA:32,5
DA:35,12
DA:37,12
DA:40,80
DA:42,80
DA:43,80
DA:44,80
DA:47,1245
DA:49,1245
DA:52,780
DA:54,780
end_of_record
TN:
SF:/afs/cats.ucsc.edu/users/q/yli685/cse111/Assignment3/src/Reuleaux.cc
FN:8,_ZN16ReuleauxTriangleC2EPK5Point
FNDA:43,_ZN16ReuleauxTriangleC2EPK5Point
FN:16,_Z4inRTR5PointR16ReuleauxTriangle
FNDA:15,_Z4inRTR5PointR16ReuleauxTriangle
FN:22,_Z7crossRTR16ReuleauxTriangleR5PointS2_
FNDA:9,_Z7crossRTR16ReuleauxTriangleR5PointS2_
FN:28,_ZN16ReuleauxTriangle11ContainedByER6Circle
FNDA:23,_ZN16ReuleauxTriangle11ContainedByER6Circle
FN:52,_ZN16ReuleauxTriangle11ContainedByER7Polygon
FNDA:7,_ZN16ReuleauxTriangle11ContainedByER7Polygon
FN:78,_ZN16ReuleauxTriangle11ContainedByERS_
FNDA:7,_ZN16ReuleauxTriangle11ContainedByERS_
FN:90,_ZN16ReuleauxTriangle8Vertice1Ev
FNDA:45,_ZN16ReuleauxTriangle8Vertice1Ev
FN:94,_ZN16ReuleauxTriangle8Vertice2Ev
FNDA:45,_ZN16ReuleauxTriangle8Vertice2Ev
FN:98,_ZN16ReuleauxTriangle8Vertice3Ev
FNDA:45,_ZN16ReuleauxTriangle8Vertice3Ev
FN:103,_ZN16ReuleauxTriangle6RadiusEv
FNDA:139,_ZN16ReuleauxTriangle6RadiusEv
DA:8,43
DA:10,43
DA:11,43
DA:12,43
DA:13,43
DA:14,43
DA:16,15
DA:17,15
DA:18,15
DA:19,15
DA:20,15
BRDA:20,0,0,12
BRDA:20,0,1,3
BRDA:20,0,2,11
BRDA:20,0,3,1
BRDA:20,0,4,11
BRDA:20,0,5,0
DA:22,9
DA:23,9
DA:24,9
DA:25,9
DA:26,9
BRDA:26,0,0,6
BRDA:26,0,1,3
BRDA:26,0,2,4
BRDA:26,0,3,2
BRDA:26,0,4,2
BRDA:26,0,5,2
DA:28,23
DA:30,23
BRDA:30,0,0,20
BRDA:30,0,1,3
BRDA:30,0,2,15
BRDA:30,0,3,5
BRDA:30,0,4,15
BRDA:30,0,5,0
BRDA:30,0,6,15
BRDA:30,0,7,8
DA:31,15
DA:32,15
BRDA:32,0,0,11
BRDA:32,0,1,4
DA:33,15
DA:36,4
DA:37,4
DA:38,4
DA:39,4
BRDA:39,0,0,1
BRDA:39,0,1,3
DA:40,4
BRDA:40,0,0,1
BRDA:40,0,1,3
DA:41,4
BRDA:41,0,0,4
BRDA:41,0,1,0
DA:45,4
DA:49,8
DA:52,7
DA:54,14
DA:55,7
BRDA:55,0,0,5
BRDA:55,0,1,2
BRDA:55,0,2,3
BRDA:55,0,3,2
BRDA:55,0,4,3
BRDA:55,0,5,0
BRDA:55,0,6,3
BRDA:55,0,7,4
BRDA:55,0,8,5
BRDA:55,0,9,2
BRDA:55,0,10,7
BRDA:55,0,11,0
BRDA:55,0,12,3
BRDA:55,0,13,4
DA:56,11
BRDA:56,0,0,9
BRDA:56,0,1,2
DA:57,9
BRDA:57,0,0,2
BRDA:57,0,1,7
DA:58,2
DA:59,2
BRDA:59,0,0,1
BRDA:59,0,1,1
DA:60,1
DA:62,2
BRDA:62,0,0,1
BRDA:62,0,1,1
DA:63,1
DA:65,2
BRDA:65,0,0,1
BRDA:65,0,1,1
DA:66,1
DA:68,2
BRDA:68,0,0,1
BRDA:68,0,1,1
DA:69,1
DA:73,2
DA:75,4
DA:78,7
DA:80,7
DA:81,7
DA:82,7
DA:83,7
BRDA:83,0,0,5
BRDA:83,0,1,2
BRDA:83,0,2,3
BRDA:83,0,3,2
BRDA:83,0,4,3
BRDA:83,0,5,0
BRDA:83,0,6,3
BRDA:83,0,7,4
DA:84,3
DA:86,4
DA:90,45
DA:92,45
DA:94,45
DA:96,45
DA:98,45
DA:100,45
DA:103,139
DA:105,139
end_of_record
TN:
SF:/afs/cats.ucsc.edu/users/q/yli685/cse111/Assignment3/src/Geom.cc
FN:12,_ZN4Geom23Point_to_Point_DistanceERK5PointS2_
FNDA:294,_ZN4Geom23Point_to_Point_DistanceERK5PointS2_
FN:20,_ZN4Geom9onSegmentE5PointS0_S0_
FNDA:60,_ZN4Geom9onSegmentE5PointS0_S0_
FN:28,_Z11orientation5PointS_S_
FNDA:1708,_Z11orientation5PointS_S_
FN:37,_ZN4Geom16segmentIntersectE5PointS0_S0_S0_
FNDA:376,_ZN4Geom16segmentIntersectE5PointS0_S0_S0_
FN:69,_ZN4Geom8isInsideESt6vectorI5PointSaIS1_EEiS1_
FNDA:91,_ZN4Geom8isInsideESt6vectorI5PointSaIS1_EEiS1_
FN:106,_ZN4Geom25Point_to_Segment_DistanceERK5PointS2_S2_
FNDA:29,_ZN4Geom25Point_to_Segment_DistanceERK5PointS2_S2_
FN:166,_ZN4Geom10isInCircleER6CircleR5Point
FNDA:192,_ZN4Geom10isInCircleER6CircleR5Point
FN:172,_ZN4Geom11crossCircleER5PointS1_R6Circle
FNDA:38,_ZN4Geom11crossCircleER5PointS1_R6Circle
DA:12,294
DA:14,294
DA:20,60
DA:22,99
BRDA:22,0,0,10
BRDA:22,0,1,50
BRDA:22,0,2,49
BRDA:22,0,3,11
BRDA:22,0,4,38
BRDA:22,0,5,11
BRDA:22,0,6,39
BRDA:22,0,7,10
BRDA:22,0,8,37
BRDA:22,0,9,2
DA:23,76
BRDA:23,0,0,12
BRDA:23,0,1,27
BRDA:23,0,2,7
BRDA:23,0,3,30
BRDA:23,0,4,37
BRDA:23,0,5,0
DA:24,37
DA:25,23
DA:28,1708
DA:30,1708
DA:31,1708
DA:33,1708
BRDA:33,0,0,326
BRDA:33,0,1,1382
DA:34,1382
BRDA:34,0,0,523
BRDA:34,0,1,859
DA:37,376
DA:41,376
DA:42,376
DA:43,376
DA:44,376
DA:47,376
BRDA:47,0,0,296
BRDA:47,0,1,80
BRDA:47,0,2,276
BRDA:47,0,3,20
BRDA:47,0,4,270
BRDA:47,0,5,6
BRDA:47,0,6,6
BRDA:47,0,7,264
DA:48,112
DA:50,264
BRDA:50,0,0,80
BRDA:50,0,1,184
BRDA:50,0,2,42
BRDA:50,0,3,38
DA:51,42
DA:66,222
DA:69,91
DA:72,91
BRDA:72,0,0,0
BRDA:72,0,1,91
DA:75,91
DA:78,91
DA:79,155
DA:81,246
DA:85,246
BRDA:85,0,0,42
BRDA:85,0,1,204
DA:87,42
DA:92,204
BRDA:92,0,0,48
BRDA:92,0,1,156
DA:93,48
DA:95,198
DA:96,198
BRDA:96,0,0,155
BRDA:96,0,1,43
DA:99,43
DA:106,29
DA:110,29
DA:111,29
DA:112,29
DA:115,29
DA:116,29
DA:117,29
DA:120,29
DA:121,29
DA:122,29
DA:128,29
DA:129,29
DA:133,29
DA:136,29
BRDA:136,0,0,0
BRDA:136,0,1,29
DA:139,0
DA:140,0
DA:141,0
DA:145,29
BRDA:145,0,0,0
BRDA:145,0,1,29
DA:146,0
DA:147,0
DA:148,0
DA:155,29
DA:156,29
DA:157,29
DA:158,29
DA:159,29
DA:160,29
DA:162,29
DA:166,192
DA:168,192
DA:172,38
DA:174,38
DA:175,38
DA:176,38
DA:177,38
DA:178,38
DA:179,38
end_of_record
TN:
SF:/afs/cats.ucsc.edu/users/q/yli685/cse111/Assignment3/src/Polygon.cc
FN:8,_ZN7PolygonC2ESt6vectorI5PointSaIS1_EE
FNDA:89,_ZN7PolygonC2ESt6vectorI5PointSaIS1_EE
FN:21,_ZN7Polygon11ContainedByER6Circle
FNDA:40,_ZN7Polygon11ContainedByER6Circle
FN:33,_ZN7Polygon11ContainedByERS_
FNDA:16,_ZN7Polygon11ContainedByERS_
FN:51,_ZN7Polygon11ContainedByER16ReuleauxTriangle
FNDA:14,_ZN7Polygon11ContainedByER16ReuleauxTriangle
FN:59,_ZN7Polygon8VerticesEv
FNDA:161,_ZN7Polygon8VerticesEv
FN:64,_ZN7Polygon5SidesEv
FNDA:51,_ZN7Polygon5SidesEv
DA:8,89
DA:10,89
DA:11,89
DA:12,89
DA:13,478
BRDA:13,0,0,389
BRDA:13,0,1,89
DA:14,389
DA:15,389
DA:16,389
DA:17,389
DA:19,89
DA:21,40
DA:23,40
DA:24,40
DA:25,138
BRDA:25,0,0,116
BRDA:25,0,1,22
DA:26,116
BRDA:26,0,0,28
BRDA:26,0,1,88
BRDA:26,0,2,18
BRDA:26,0,3,10
BRDA:26,0,4,18
BRDA:26,0,5,98
DA:27,18
DA:30,22
DA:33,16
DA:35,52
BRDA:35,0,0,46
BRDA:35,0,1,6
DA:36,46
BRDA:36,0,0,10
BRDA:36,0,1,36
DA:37,10
DA:40,36
BRDA:40,0,0,30
BRDA:40,0,1,6
DA:41,160
BRDA:41,0,0,130
BRDA:41,0,1,30
DA:42,130
DA:48,6
DA:51,14
DA:53,14
DA:54,14
DA:55,14
DA:56,14
BRDA:56,0,0,6
BRDA:56,0,1,8
BRDA:56,0,2,6
BRDA:56,0,3,0
BRDA:56,0,4,6
BRDA:56,0,5,0
DA:59,161
DA:61,161
DA:64,51
DA:66,51
end_of_record
