TN:
SF:/afs/cats.ucsc.edu/users/q/yli685/cse111/Assignment3/src/Circle.cc
FN:9,_ZN6CircleC2ERK5Pointd
FNDA:1731,_ZN6CircleC2ERK5Pointd
FN:15,_ZN6Circle11ContainedByER16ReuleauxTriangle
FNDA:70,_ZN6Circle11ContainedByER16ReuleauxTriangle
FN:24,_ZN6Circle11ContainedByER7Polygon
FNDA:70,_ZN6Circle11ContainedByER7Polygon
FN:40,_ZN6Circle11ContainedByERS_
FNDA:200,_ZN6Circle11ContainedByERS_
FN:47,_ZN6Circle6CenterEv
FNDA:2992,_ZN6Circle6CenterEv
FN:52,_ZN6Circle6RadiusEv
FNDA:1892,_ZN6Circle6RadiusEv
DA:9,1731
DA:11,1731
DA:12,1731
DA:13,1731
DA:15,70
DA:17,70
DA:18,70
DA:19,70
DA:20,70
BRDA:20,0,0,30
BRDA:20,0,1,40
BRDA:20,0,2,30
BRDA:20,0,3,0
BRDA:20,0,4,30
BRDA:20,0,5,0
DA:24,70
DA:27,140
DA:28,140
DA:29,70
BRDA:29,0,0,40
BRDA:29,0,1,30
DA:30,180
BRDA:30,0,0,150
BRDA:30,0,1,30
DA:31,150
BRDA:31,0,0,10
BRDA:31,0,1,140
DA:32,10
DA:35,30
DA:37,30
DA:40,200
DA:42,200
DA:43,200
DA:44,200
DA:47,2992
DA:49,2992
DA:52,1892
DA:54,1892
end_of_record
TN:
SF:/afs/cats.ucsc.edu/users/q/yli685/cse111/Assignment3/src/Reuleaux.cc
FN:8,_ZN16ReuleauxTriangleC2EPK5Point
FNDA:210,_ZN16ReuleauxTriangleC2EPK5Point
FN:16,_Z4inRTR5PointR16ReuleauxTriangle
FNDA:70,_Z4inRTR5PointR16ReuleauxTriangle
FN:22,_Z7crossRTR16ReuleauxTriangleR5PointS2_
FNDA:45,_Z7crossRTR16ReuleauxTriangleR5PointS2_
FN:28,_ZN16ReuleauxTriangle11ContainedByER6Circle
FNDA:110,_ZN16ReuleauxTriangle11ContainedByER6Circle
FN:52,_ZN16ReuleauxTriangle11ContainedByER7Polygon
FNDA:35,_ZN16ReuleauxTriangle11ContainedByER7Polygon
FN:78,_ZN16ReuleauxTriangle11ContainedByERS_
FNDA:35,_ZN16ReuleauxTriangle11ContainedByERS_
FN:90,_ZN16ReuleauxTriangle8Vertice1Ev
FNDA:220,_ZN16ReuleauxTriangle8Vertice1Ev
FN:94,_ZN16ReuleauxTriangle8Vertice2Ev
FNDA:220,_ZN16ReuleauxTriangle8Vertice2Ev
FN:98,_ZN16ReuleauxTriangle8Vertice3Ev
FNDA:220,_ZN16ReuleauxTriangle8Vertice3Ev
FN:103,_ZN16ReuleauxTriangle6RadiusEv
FNDA:675,_ZN16ReuleauxTriangle6RadiusEv
DA:8,210
DA:10,210
DA:11,210
DA:12,210
DA:13,210
DA:14,210
DA:16,70
DA:17,70
DA:18,70
DA:19,70
DA:20,70
BRDA:20,0,0,60
BRDA:20,0,1,10
BRDA:20,0,2,55
BRDA:20,0,3,5
BRDA:20,0,4,55
BRDA:20,0,5,0
DA:22,45
DA:23,45
DA:24,45
DA:25,45
DA:26,45
BRDA:26,0,0,30
BRDA:26,0,1,15
BRDA:26,0,2,20
BRDA:26,0,3,10
BRDA:26,0,4,10
BRDA:26,0,5,10
DA:28,110
DA:30,110
BRDA:30,0,0,95
BRDA:30,0,1,15
BRDA:30,0,2,70
BRDA:30,0,3,25
BRDA:30,0,4,70
BRDA:30,0,5,0
BRDA:30,0,6,70
BRDA:30,0,7,40
DA:31,70
DA:32,70
BRDA:32,0,0,55
BRDA:32,0,1,15
DA:33,55
DA:36,15
DA:37,15
DA:38,15
DA:39,15
BRDA:39,0,0,5
BRDA:39,0,1,10
DA:40,15
BRDA:40,0,0,5
BRDA:40,0,1,10
DA:41,15
BRDA:41,0,0,0
BRDA:41,0,1,15
DA:42,0
DA:45,15
DA:49,40
DA:52,35
DA:54,70
DA:55,35
BRDA:55,0,0,25
BRDA:55,0,1,10
BRDA:55,0,2,15
BRDA:55,0,3,10
BRDA:55,0,4,15
BRDA:55,0,5,0
BRDA:55,0,6,15
BRDA:55,0,7,20
BRDA:55,0,8,25
BRDA:55,0,9,10
BRDA:55,0,10,35
BRDA:55,0,11,0
BRDA:55,0,12,15
BRDA:55,0,13,20
DA:56,55
BRDA:56,0,0,45
BRDA:56,0,1,10
DA:57,45
BRDA:57,0,0,10
BRDA:57,0,1,35
DA:58,10
DA:59,10
BRDA:59,0,0,5
BRDA:59,0,1,5
DA:60,5
DA:62,10
BRDA:62,0,0,5
BRDA:62,0,1,5
DA:63,5
DA:65,10
BRDA:65,0,0,5
BRDA:65,0,1,5
DA:66,5
DA:68,10
BRDA:68,0,0,5
BRDA:68,0,1,5
DA:69,5
DA:73,10
DA:75,20
DA:78,35
DA:80,35
DA:81,35
DA:82,35
DA:83,35
BRDA:83,0,0,25
BRDA:83,0,1,10
BRDA:83,0,2,15
BRDA:83,0,3,10
BRDA:83,0,4,15
BRDA:83,0,5,0
BRDA:83,0,6,15
BRDA:83,0,7,20
DA:84,15
DA:86,20
DA:90,220
DA:92,220
DA:94,220
DA:96,220
DA:98,220
DA:100,220
DA:103,675
DA:105,675
end_of_record
TN:
SF:/afs/cats.ucsc.edu/users/q/yli685/cse111/Assignment3/src/Geom.cc
FN:12,_ZN4Geom23Point_to_Point_DistanceERK5PointS2_
FNDA:1406,_ZN4Geom23Point_to_Point_DistanceERK5PointS2_
FN:20,_ZN4Geom9onSegmentE5PointS0_S0_
FNDA:255,_ZN4Geom9onSegmentE5PointS0_S0_
FN:28,_Z11orientation5PointS_S_
FNDA:7304,_Z11orientation5PointS_S_
FN:37,_ZN4Geom16segmentIntersectE5PointS0_S0_S0_
FNDA:1610,_ZN4Geom16segmentIntersectE5PointS0_S0_S0_
FN:69,_ZN4Geom8isInsideESt6vectorI5PointSaIS1_EEiS1_
FNDA:358,_ZN4Geom8isInsideESt6vectorI5PointSaIS1_EEiS1_
FN:106,_ZN4Geom25Point_to_Segment_DistanceERK5PointS2_S2_
FNDA:150,_ZN4Geom25Point_to_Segment_DistanceERK5PointS2_S2_
FN:166,_ZN4Geom10isInCircleER6CircleR5Point
FNDA:920,_ZN4Geom10isInCircleER6CircleR5Point
FN:172,_ZN4Geom11crossCircleER5PointS1_R6Circle
FNDA:192,_ZN4Geom11crossCircleER5PointS1_R6Circle
DA:12,1406
DA:14,1406
DA:20,255
DA:22,420
BRDA:22,0,0,51
BRDA:22,0,1,204
BRDA:22,0,2,218
BRDA:22,0,3,37
BRDA:22,0,4,144
BRDA:22,0,5,74
BRDA:22,0,6,165
BRDA:22,0,7,53
BRDA:22,0,8,149
BRDA:22,0,9,16
DA:23,314
BRDA:23,0,0,49
BRDA:23,0,1,116
BRDA:23,0,2,35
BRDA:23,0,3,114
BRDA:23,0,4,148
BRDA:23,0,5,1
DA:24,148
DA:25,107
DA:28,7304
DA:30,7304
DA:31,7304
DA:33,7304
BRDA:33,0,0,1314
BRDA:33,0,1,5990
DA:34,5990
BRDA:34,0,0,2240
BRDA:34,0,1,3750
DA:37,1610
DA:41,1610
DA:42,1610
DA:43,1610
DA:44,1610
DA:47,1610
BRDA:47,0,0,1288
BRDA:47,0,1,322
BRDA:47,0,2,1196
BRDA:47,0,3,92
BRDA:47,0,4,1164
BRDA:47,0,5,32
BRDA:47,0,6,32
BRDA:47,0,7,1132
DA:48,478
DA:50,1132
BRDA:50,0,0,315
BRDA:50,0,1,817
BRDA:50,0,2,152
BRDA:50,0,3,163
DA:51,152
DA:66,980
DA:69,358
DA:72,358
BRDA:72,0,0,0
BRDA:72,0,1,358
DA:75,358
DA:78,358
DA:79,658
DA:81,1016
DA:85,1016
BRDA:85,0,0,152
BRDA:85,0,1,864
DA:87,152
DA:92,864
BRDA:92,0,0,174
BRDA:92,0,1,690
DA:93,174
DA:95,842
DA:96,842
BRDA:96,0,0,658
BRDA:96,0,1,184
DA:99,184
DA:106,150
DA:110,150
DA:111,150
DA:112,150
DA:115,150
DA:116,150
DA:117,150
DA:120,150
DA:121,150
DA:122,150
DA:128,150
DA:129,150
DA:133,150
DA:136,150
BRDA:136,0,0,0
BRDA:136,0,1,150
DA:139,0
DA:140,0
DA:141,0
DA:145,150
BRDA:145,0,0,0
BRDA:145,0,1,150
DA:146,0
DA:147,0
DA:148,0
DA:155,150
DA:156,150
DA:157,150
DA:158,150
DA:159,150
DA:160,150
DA:162,150
DA:166,920
DA:168,920
DA:172,192
DA:174,192
DA:175,192
DA:176,192
DA:177,192
DA:178,192
DA:179,192
end_of_record
TN:
SF:/afs/cats.ucsc.edu/users/q/yli685/cse111/Assignment3/src/Polygon.cc
FN:8,_ZN7PolygonC2ESt6vectorI5PointSaIS1_EE
FNDA:306,_ZN7PolygonC2ESt6vectorI5PointSaIS1_EE
FN:21,_ZN7Polygon11ContainedByER6Circle
FNDA:140,_ZN7Polygon11ContainedByER6Circle
FN:33,_ZN7Polygon11ContainedByERS_
FNDA:58,_ZN7Polygon11ContainedByERS_
FN:50,_ZN7Polygon11ContainedByER16ReuleauxTriangle
FNDA:49,_ZN7Polygon11ContainedByER16ReuleauxTriangle
FN:58,_ZN7Polygon8VerticesEv
FNDA:524,_ZN7Polygon8VerticesEv
FN:63,_ZN7Polygon5SidesEv
FNDA:167,_ZN7Polygon5SidesEv
DA:8,306
DA:10,306
DA:11,306
DA:12,306
DA:13,1628
BRDA:13,0,0,1322
BRDA:13,0,1,306
DA:14,1322
DA:15,1322
DA:16,1322
DA:17,1322
DA:19,306
DA:21,140
DA:23,140
DA:24,140
DA:25,483
BRDA:25,0,0,406
BRDA:25,0,1,77
DA:26,406
BRDA:26,0,0,98
BRDA:26,0,1,308
BRDA:26,0,2,63
BRDA:26,0,3,35
BRDA:26,0,4,63
BRDA:26,0,5,343
DA:27,63
DA:30,77
DA:33,58
DA:35,171
BRDA:35,0,0,150
BRDA:35,0,1,21
DA:36,150
BRDA:36,0,0,37
BRDA:36,0,1,113
DA:37,37
DA:40,116
BRDA:40,0,0,95
BRDA:40,0,1,21
DA:41,494
BRDA:41,0,0,399
BRDA:41,0,1,95
DA:42,399
BRDA:42,0,0,0
BRDA:42,0,1,399
DA:43,0
DA:47,21
DA:50,49
DA:52,49
DA:53,49
DA:54,49
DA:55,49
BRDA:55,0,0,21
BRDA:55,0,1,28
BRDA:55,0,2,21
BRDA:55,0,3,0
BRDA:55,0,4,21
BRDA:55,0,5,0
DA:58,524
DA:60,524
DA:63,167
DA:65,167
end_of_record
