TN:
SF:/afs/cats.ucsc.edu/users/q/yli685/cse111/Assignment3/src/Circle.cc
FN:9,_ZN6CircleC2ERK5Pointd
FNDA:895,_ZN6CircleC2ERK5Pointd
FN:15,_ZN6Circle11ContainedByER16ReuleauxTriangle
FNDA:35,_ZN6Circle11ContainedByER16ReuleauxTriangle
FN:24,_ZN6Circle11ContainedByER7Polygon
FNDA:36,_ZN6Circle11ContainedByER7Polygon
FN:40,_ZN6Circle11ContainedByERS_
FNDA:100,_ZN6Circle11ContainedByERS_
FN:47,_ZN6Circle6CenterEv
FNDA:1553,_ZN6Circle6CenterEv
FN:52,_ZN6Circle6RadiusEv
FNDA:974,_ZN6Circle6RadiusEv
DA:9,895
DA:11,895
DA:12,895
DA:13,895
DA:15,35
DA:17,35
DA:18,35
DA:19,35
DA:20,35
BRDA:20,0,0,15
BRDA:20,0,1,20
BRDA:20,0,2,15
BRDA:20,0,3,0
BRDA:20,0,4,15
BRDA:20,0,5,0
DA:24,36
DA:27,72
DA:28,72
DA:29,36
BRDA:29,0,0,21
BRDA:29,0,1,15
DA:30,89
BRDA:30,0,0,74
BRDA:30,0,1,15
DA:31,74
BRDA:31,0,0,6
BRDA:31,0,1,68
DA:32,6
DA:35,15
DA:37,15
DA:40,100
DA:42,100
DA:43,100
DA:44,100
DA:47,1553
DA:49,1553
DA:52,974
DA:54,974
end_of_record
TN:
SF:/afs/cats.ucsc.edu/users/q/yli685/cse111/Assignment3/src/Reuleaux.cc
FN:8,_ZN16ReuleauxTriangleC2EPK5Point
FNDA:86,_ZN16ReuleauxTriangleC2EPK5Point
FN:16,_Z4inRTR5PointR16ReuleauxTriangle
FNDA:30,_Z4inRTR5PointR16ReuleauxTriangle
FN:22,_Z7crossRTR16ReuleauxTriangleR5PointS2_
FNDA:18,_Z7crossRTR16ReuleauxTriangleR5PointS2_
FN:28,_ZN16ReuleauxTriangle11ContainedByER6Circle
FNDA:46,_ZN16ReuleauxTriangle11ContainedByER6Circle
FN:52,_ZN16ReuleauxTriangle11ContainedByER7Polygon
FNDA:14,_ZN16ReuleauxTriangle11ContainedByER7Polygon
FN:78,_ZN16ReuleauxTriangle11ContainedByERS_
FNDA:14,_ZN16ReuleauxTriangle11ContainedByERS_
FN:90,_ZN16ReuleauxTriangle8Vertice1Ev
FNDA:90,_ZN16ReuleauxTriangle8Vertice1Ev
FN:94,_ZN16ReuleauxTriangle8Vertice2Ev
FNDA:90,_ZN16ReuleauxTriangle8Vertice2Ev
FN:98,_ZN16ReuleauxTriangle8Vertice3Ev
FNDA:90,_ZN16ReuleauxTriangle8Vertice3Ev
FN:103,_ZN16ReuleauxTriangle6RadiusEv
FNDA:278,_ZN16ReuleauxTriangle6RadiusEv
DA:8,86
DA:10,86
DA:11,86
DA:12,86
DA:13,86
DA:14,86
DA:16,30
DA:17,30
DA:18,30
DA:19,30
DA:20,30
BRDA:20,0,0,24
BRDA:20,0,1,6
BRDA:20,0,2,22
BRDA:20,0,3,2
BRDA:20,0,4,22
BRDA:20,0,5,0
DA:22,18
DA:23,18
DA:24,18
DA:25,18
DA:26,18
BRDA:26,0,0,12
BRDA:26,0,1,6
BRDA:26,0,2,8
BRDA:26,0,3,4
BRDA:26,0,4,4
BRDA:26,0,5,4
DA:28,46
DA:30,46
BRDA:30,0,0,40
BRDA:30,0,1,6
BRDA:30,0,2,30
BRDA:30,0,3,10
BRDA:30,0,4,30
BRDA:30,0,5,0
BRDA:30,0,6,30
BRDA:30,0,7,16
DA:31,30
DA:32,30
BRDA:32,0,0,22
BRDA:32,0,1,8
DA:33,30
DA:36,8
DA:37,8
DA:38,8
DA:39,8
BRDA:39,0,0,2
BRDA:39,0,1,6
DA:40,8
BRDA:40,0,0,2
BRDA:40,0,1,6
DA:41,8
BRDA:41,0,0,8
BRDA:41,0,1,0
DA:45,8
DA:49,16
DA:52,14
DA:54,28
DA:55,14
BRDA:55,0,0,10
BRDA:55,0,1,4
BRDA:55,0,2,6
BRDA:55,0,3,4
BRDA:55,0,4,6
BRDA:55,0,5,0
BRDA:55,0,6,6
BRDA:55,0,7,8
BRDA:55,0,8,10
BRDA:55,0,9,4
BRDA:55,0,10,14
BRDA:55,0,11,0
BRDA:55,0,12,6
BRDA:55,0,13,8
DA:56,22
BRDA:56,0,0,18
BRDA:56,0,1,4
DA:57,18
BRDA:57,0,0,4
BRDA:57,0,1,14
DA:58,4
DA:59,4
BRDA:59,0,0,2
BRDA:59,0,1,2
DA:60,2
DA:62,4
BRDA:62,0,0,2
BRDA:62,0,1,2
DA:63,2
DA:65,4
BRDA:65,0,0,2
BRDA:65,0,1,2
DA:66,2
DA:68,4
BRDA:68,0,0,2
BRDA:68,0,1,2
DA:69,2
DA:73,4
DA:75,8
DA:78,14
DA:80,14
DA:81,14
DA:82,14
DA:83,14
BRDA:83,0,0,10
BRDA:83,0,1,4
BRDA:83,0,2,6
BRDA:83,0,3,4
BRDA:83,0,4,6
BRDA:83,0,5,0
BRDA:83,0,6,6
BRDA:83,0,7,8
DA:84,6
DA:86,8
DA:90,90
DA:92,90
DA:94,90
DA:96,90
DA:98,90
DA:100,90
DA:103,278
DA:105,278
end_of_record
TN:
SF:/afs/cats.ucsc.edu/users/q/yli685/cse111/Assignment3/src/Geom.cc
FN:12,_ZN4Geom23Point_to_Point_DistanceERK5PointS2_
FNDA:147,_ZN4Geom23Point_to_Point_DistanceERK5PointS2_
FN:20,_ZN4Geom9onSegmentE5PointS0_S0_
FNDA:30,_ZN4Geom9onSegmentE5PointS0_S0_
FN:28,_Z11orientation5PointS_S_
FNDA:856,_Z11orientation5PointS_S_
FN:37,_ZN4Geom16segmentIntersectE5PointS0_S0_S0_
FNDA:188,_ZN4Geom16segmentIntersectE5PointS0_S0_S0_
FN:69,_ZN4Geom8isInsideESt6vectorI5PointSaIS1_EEiS1_
FNDA:45,_ZN4Geom8isInsideESt6vectorI5PointSaIS1_EEiS1_
FN:106,_ZN4Geom25Point_to_Segment_DistanceERK5PointS2_S2_
FNDA:15,_ZN4Geom25Point_to_Segment_DistanceERK5PointS2_S2_
FN:166,_ZN4Geom10isInCircleER6CircleR5Point
FNDA:96,_ZN4Geom10isInCircleER6CircleR5Point
FN:172,_ZN4Geom11crossCircleER5PointS1_R6Circle
FNDA:19,_ZN4Geom11crossCircleER5PointS1_R6Circle
DA:12,147
DA:14,147
DA:20,30
DA:22,50
BRDA:22,0,0,5
BRDA:22,0,1,25
BRDA:22,0,2,25
BRDA:22,0,3,5
BRDA:22,0,4,19
BRDA:22,0,5,6
BRDA:22,0,6,20
BRDA:22,0,7,5
BRDA:22,0,8,19
BRDA:22,0,9,1
DA:23,39
BRDA:23,0,0,6
BRDA:23,0,1,14
BRDA:23,0,2,4
BRDA:23,0,3,15
BRDA:23,0,4,19
BRDA:23,0,5,0
DA:24,19
DA:25,11
DA:28,856
DA:30,856
DA:31,856
DA:33,856
BRDA:33,0,0,163
BRDA:33,0,1,693
DA:34,693
BRDA:34,0,0,260
BRDA:34,0,1,433
DA:37,188
DA:41,188
DA:42,188
DA:43,188
DA:44,188
DA:47,188
BRDA:47,0,0,148
BRDA:47,0,1,40
BRDA:47,0,2,138
BRDA:47,0,3,10
BRDA:47,0,4,135
BRDA:47,0,5,3
BRDA:47,0,6,3
BRDA:47,0,7,132
DA:48,56
DA:50,132
BRDA:50,0,0,38
BRDA:50,0,1,94
BRDA:50,0,2,19
BRDA:50,0,3,19
DA:51,19
DA:66,113
DA:69,45
DA:72,45
BRDA:72,0,0,0
BRDA:72,0,1,45
DA:75,45
DA:78,45
DA:79,78
DA:81,123
DA:85,123
BRDA:85,0,0,19
BRDA:85,0,1,104
DA:87,19
DA:92,104
BRDA:92,0,0,24
BRDA:92,0,1,80
DA:93,24
DA:95,99
DA:96,99
BRDA:96,0,0,78
BRDA:96,0,1,21
DA:99,21
DA:106,15
DA:110,15
DA:111,15
DA:112,15
DA:115,15
DA:116,15
DA:117,15
DA:120,15
DA:121,15
DA:122,15
DA:133,15
DA:155,15
DA:156,15
DA:157,15
DA:158,15
DA:159,15
DA:160,15
DA:162,15
DA:166,96
DA:168,96
DA:172,19
DA:174,19
DA:175,19
DA:176,19
DA:177,19
DA:178,19
DA:179,19
end_of_record
TN:
SF:/afs/cats.ucsc.edu/users/q/yli685/cse111/Assignment3/src/Polygon.cc
FN:8,_ZN7PolygonC2ESt6vectorI5PointSaIS1_EE
FNDA:133,_ZN7PolygonC2ESt6vectorI5PointSaIS1_EE
FN:21,_ZN7Polygon11ContainedByER6Circle
FNDA:60,_ZN7Polygon11ContainedByER6Circle
FN:33,_ZN7Polygon11ContainedByERS_
FNDA:24,_ZN7Polygon11ContainedByERS_
FN:51,_ZN7Polygon11ContainedByER16ReuleauxTriangle
FNDA:21,_ZN7Polygon11ContainedByER16ReuleauxTriangle
FN:59,_ZN7Polygon8VerticesEv
FNDA:241,_ZN7Polygon8VerticesEv
FN:64,_ZN7Polygon5SidesEv
FNDA:76,_ZN7Polygon5SidesEv
DA:8,133
DA:10,133
DA:11,133
DA:12,133
DA:13,716
BRDA:13,0,0,583
BRDA:13,0,1,133
DA:14,583
DA:15,583
DA:16,583
DA:17,583
DA:19,133
DA:21,60
DA:23,60
DA:24,60
DA:25,207
BRDA:25,0,0,174
BRDA:25,0,1,33
DA:26,174
BRDA:26,0,0,42
BRDA:26,0,1,132
BRDA:26,0,2,27
BRDA:26,0,3,15
BRDA:26,0,4,27
BRDA:26,0,5,147
DA:27,27
DA:30,33
DA:33,24
DA:35,78
BRDA:35,0,0,69
BRDA:35,0,1,9
DA:36,69
BRDA:36,0,0,15
BRDA:36,0,1,54
DA:37,15
DA:40,54
BRDA:40,0,0,45
BRDA:40,0,1,9
DA:41,240
BRDA:41,0,0,195
BRDA:41,0,1,45
DA:42,195
DA:48,9
DA:51,21
DA:53,21
DA:54,21
DA:55,21
DA:56,21
BRDA:56,0,0,9
BRDA:56,0,1,12
BRDA:56,0,2,9
BRDA:56,0,3,0
BRDA:56,0,4,9
BRDA:56,0,5,0
DA:59,241
DA:61,241
DA:64,76
DA:66,76
end_of_record
