TN:
SF:/afs/cats.ucsc.edu/users/q/yli685/cse111/Assignment3/src/Circle.cc
FN:9,_ZN6CircleC2ERK5Pointd
FNDA:178,_ZN6CircleC2ERK5Pointd
FN:15,_ZN6Circle11ContainedByER16ReuleauxTriangle
FNDA:7,_ZN6Circle11ContainedByER16ReuleauxTriangle
FN:24,_ZN6Circle11ContainedByER7Polygon
FNDA:7,_ZN6Circle11ContainedByER7Polygon
FN:40,_ZN6Circle11ContainedByERS_
FNDA:20,_ZN6Circle11ContainedByERS_
FN:47,_ZN6Circle6CenterEv
FNDA:308,_ZN6Circle6CenterEv
FN:52,_ZN6Circle6RadiusEv
FNDA:194,_ZN6Circle6RadiusEv
DA:9,178
DA:11,178
DA:12,178
DA:13,178
DA:15,7
DA:17,7
DA:18,7
DA:19,7
DA:20,7
BRDA:20,0,0,3
BRDA:20,0,1,4
BRDA:20,0,2,3
BRDA:20,0,3,0
BRDA:20,0,4,3
BRDA:20,0,5,0
DA:24,7
DA:27,14
DA:28,14
DA:29,7
BRDA:29,0,0,4
BRDA:29,0,1,3
DA:30,18
BRDA:30,0,0,15
BRDA:30,0,1,3
DA:31,15
BRDA:31,0,0,1
BRDA:31,0,1,14
DA:32,1
DA:35,3
DA:37,3
DA:40,20
DA:42,20
DA:43,20
DA:44,20
DA:47,308
DA:49,308
DA:52,194
DA:54,194
end_of_record
TN:
SF:/afs/cats.ucsc.edu/users/q/yli685/cse111/Assignment3/src/Reuleaux.cc
FN:8,_ZN16ReuleauxTriangleC2EPK5Point
FNDA:43,_ZN16ReuleauxTriangleC2EPK5Point
FN:16,_Z4inRTR5PointR16ReuleauxTriangle
FNDA:15,_Z4inRTR5PointR16ReuleauxTriangle
FN:22,_Z7crossRTR16ReuleauxTriangleR5PointS2_
FNDA:9,_Z7crossRTR16ReuleauxTriangleR5PointS2_
FN:28,_ZN16ReuleauxTriangle11ContainedByER6Circle
FNDA:23,_ZN16ReuleauxTriangle11ContainedByER6Circle
FN:52,_ZN16ReuleauxTriangle11ContainedByER7Polygon
FNDA:7,_ZN16ReuleauxTriangle11ContainedByER7Polygon
FN:78,_ZN16ReuleauxTriangle11ContainedByERS_
FNDA:7,_ZN16ReuleauxTriangle11ContainedByERS_
FN:90,_ZN16ReuleauxTriangle8Vertice1Ev
FNDA:45,_ZN16ReuleauxTriangle8Vertice1Ev
FN:94,_ZN16ReuleauxTriangle8Vertice2Ev
FNDA:45,_ZN16ReuleauxTriangle8Vertice2Ev
FN:98,_ZN16ReuleauxTriangle8Vertice3Ev
FNDA:45,_ZN16ReuleauxTriangle8Vertice3Ev
FN:103,_ZN16ReuleauxTriangle6RadiusEv
FNDA:139,_ZN16ReuleauxTriangle6RadiusEv
DA:8,43
DA:10,43
DA:11,43
DA:12,43
DA:13,43
DA:14,43
DA:16,15
DA:17,15
DA:18,15
DA:19,15
DA:20,15
BRDA:20,0,0,12
BRDA:20,0,1,3
BRDA:20,0,2,11
BRDA:20,0,3,1
BRDA:20,0,4,11
BRDA:20,0,5,0
DA:22,9
DA:23,9
DA:24,9
DA:25,9
DA:26,9
BRDA:26,0,0,6
BRDA:26,0,1,3
BRDA:26,0,2,4
BRDA:26,0,3,2
BRDA:26,0,4,2
BRDA:26,0,5,2
DA:28,23
DA:30,23
BRDA:30,0,0,20
BRDA:30,0,1,3
BRDA:30,0,2,15
BRDA:30,0,3,5
BRDA:30,0,4,15
BRDA:30,0,5,0
BRDA:30,0,6,15
BRDA:30,0,7,8
DA:31,15
DA:32,15
BRDA:32,0,0,11
BRDA:32,0,1,4
DA:33,11
DA:36,4
DA:37,4
DA:38,4
DA:39,4
BRDA:39,0,0,1
BRDA:39,0,1,3
DA:40,4
BRDA:40,0,0,1
BRDA:40,0,1,3
DA:41,4
BRDA:41,0,0,0
BRDA:41,0,1,4
DA:42,0
DA:45,4
DA:49,8
DA:52,7
DA:54,14
DA:55,7
BRDA:55,0,0,5
BRDA:55,0,1,2
BRDA:55,0,2,3
BRDA:55,0,3,2
BRDA:55,0,4,3
BRDA:55,0,5,0
BRDA:55,0,6,3
BRDA:55,0,7,4
BRDA:55,0,8,5
BRDA:55,0,9,2
BRDA:55,0,10,7
BRDA:55,0,11,0
BRDA:55,0,12,3
BRDA:55,0,13,4
DA:56,11
BRDA:56,0,0,9
BRDA:56,0,1,2
DA:57,9
BRDA:57,0,0,2
BRDA:57,0,1,7
DA:58,2
DA:59,2
BRDA:59,0,0,1
BRDA:59,0,1,1
DA:60,1
DA:62,2
BRDA:62,0,0,1
BRDA:62,0,1,1
DA:63,1
DA:65,2
BRDA:65,0,0,1
BRDA:65,0,1,1
DA:66,1
DA:68,2
BRDA:68,0,0,1
BRDA:68,0,1,1
DA:69,1
DA:73,2
DA:75,4
DA:78,7
DA:80,7
DA:81,7
DA:82,7
DA:83,7
BRDA:83,0,0,5
BRDA:83,0,1,2
BRDA:83,0,2,3
BRDA:83,0,3,2
BRDA:83,0,4,3
BRDA:83,0,5,0
BRDA:83,0,6,3
BRDA:83,0,7,4
DA:84,3
DA:86,4
DA:90,45
DA:92,45
DA:94,45
DA:96,45
DA:98,45
DA:100,45
DA:103,139
DA:105,139
end_of_record
TN:
SF:/afs/cats.ucsc.edu/users/q/yli685/cse111/Assignment3/src/Geom.cc
FN:12,_ZN4Geom23Point_to_Point_DistanceERK5PointS2_
FNDA:147,_ZN4Geom23Point_to_Point_DistanceERK5PointS2_
FN:20,_ZN4Geom9onSegmentE5PointS0_S0_
FNDA:43,_ZN4Geom9onSegmentE5PointS0_S0_
FN:28,_Z11orientation5PointS_S_
FNDA:1420,_Z11orientation5PointS_S_
FN:37,_ZN4Geom16segmentIntersectE5PointS0_S0_S0_
FNDA:316,_ZN4Geom16segmentIntersectE5PointS0_S0_S0_
FN:69,_ZN4Geom8isInsideESt6vectorI5PointSaIS1_EEiS1_
FNDA:68,_ZN4Geom8isInsideESt6vectorI5PointSaIS1_EEiS1_
FN:106,_ZN4Geom25Point_to_Segment_DistanceERK5PointS2_S2_
FNDA:15,_ZN4Geom25Point_to_Segment_DistanceERK5PointS2_S2_
FN:166,_ZN4Geom10isInCircleER6CircleR5Point
FNDA:96,_ZN4Geom10isInCircleER6CircleR5Point
FN:172,_ZN4Geom11crossCircleER5PointS1_R6Circle
FNDA:19,_ZN4Geom11crossCircleER5PointS1_R6Circle
DA:12,147
DA:14,147
DA:20,43
DA:22,72
BRDA:22,0,0,8
BRDA:22,0,1,35
BRDA:22,0,2,35
BRDA:22,0,3,8
BRDA:22,0,4,26
BRDA:22,0,5,9
BRDA:22,0,6,29
BRDA:22,0,7,6
BRDA:22,0,8,28
BRDA:22,0,9,1
DA:23,57
BRDA:23,0,0,7
BRDA:23,0,1,22
BRDA:23,0,2,6
BRDA:23,0,3,22
BRDA:23,0,4,28
BRDA:23,0,5,0
DA:24,28
DA:25,15
DA:28,1420
DA:30,1420
DA:31,1420
DA:33,1420
BRDA:33,0,0,279
BRDA:33,0,1,1141
DA:34,1141
BRDA:34,0,0,409
BRDA:34,0,1,732
DA:37,316
DA:41,316
DA:42,316
DA:43,316
DA:44,316
DA:47,316
BRDA:47,0,0,247
BRDA:47,0,1,69
BRDA:47,0,2,227
BRDA:47,0,3,20
BRDA:47,0,4,221
BRDA:47,0,5,6
BRDA:47,0,6,6
BRDA:47,0,7,215
DA:48,101
DA:50,215
BRDA:50,0,0,66
BRDA:50,0,1,149
BRDA:50,0,2,30
BRDA:50,0,3,36
DA:51,30
DA:66,185
DA:69,68
DA:72,68
BRDA:72,0,0,0
BRDA:72,0,1,68
DA:75,68
DA:78,68
DA:79,118
DA:81,186
DA:85,186
BRDA:85,0,0,30
BRDA:85,0,1,156
DA:87,30
DA:92,156
BRDA:92,0,0,37
BRDA:92,0,1,119
DA:93,37
DA:95,149
DA:96,149
BRDA:96,0,0,118
BRDA:96,0,1,31
DA:99,31
DA:106,15
DA:110,15
DA:111,15
DA:112,15
DA:115,15
DA:116,15
DA:117,15
DA:120,15
DA:121,15
DA:122,15
DA:128,15
DA:129,15
DA:133,15
DA:136,15
BRDA:136,0,0,0
BRDA:136,0,1,15
DA:139,0
DA:140,0
DA:141,0
DA:145,15
BRDA:145,0,0,0
BRDA:145,0,1,15
DA:146,0
DA:147,0
DA:148,0
DA:155,15
DA:156,15
DA:157,15
DA:158,15
DA:159,15
DA:160,15
DA:162,15
DA:166,96
DA:168,96
DA:172,19
DA:174,19
DA:175,19
DA:176,19
DA:177,19
DA:178,19
DA:179,19
end_of_record
TN:
SF:/afs/cats.ucsc.edu/users/q/yli685/cse111/Assignment3/src/Polygon.cc
FN:8,_ZN7PolygonC2ESt6vectorI5PointSaIS1_EE
FNDA:60,_ZN7PolygonC2ESt6vectorI5PointSaIS1_EE
FN:21,_ZN7Polygon11ContainedByER6Circle
FNDA:20,_ZN7Polygon11ContainedByER6Circle
FN:33,_ZN7Polygon11ContainedByERS_
FNDA:16,_ZN7Polygon11ContainedByERS_
FN:52,_ZN7Polygon11ContainedByER16ReuleauxTriangle
FNDA:7,_ZN7Polygon11ContainedByER16ReuleauxTriangle
FN:60,_ZN7Polygon8VerticesEv
FNDA:126,_ZN7Polygon8VerticesEv
FN:65,_ZN7Polygon5SidesEv
FNDA:40,_ZN7Polygon5SidesEv
DA:8,60
DA:10,60
DA:11,60
DA:12,60
DA:13,327
BRDA:13,0,0,267
BRDA:13,0,1,60
DA:14,267
DA:15,267
DA:16,267
DA:17,267
DA:19,60
DA:21,20
DA:23,20
DA:24,20
DA:25,69
BRDA:25,0,0,58
BRDA:25,0,1,11
DA:26,58
BRDA:26,0,0,14
BRDA:26,0,1,44
BRDA:26,0,2,9
BRDA:26,0,3,5
BRDA:26,0,4,9
BRDA:26,0,5,49
DA:27,9
DA:30,11
DA:33,16
DA:35,52
BRDA:35,0,0,46
BRDA:35,0,1,6
DA:36,46
BRDA:36,0,0,10
BRDA:36,0,1,36
DA:37,10
DA:38,10
DA:41,36
BRDA:41,0,0,30
BRDA:41,0,1,6
DA:42,160
BRDA:42,0,0,130
BRDA:42,0,1,30
DA:43,130
BRDA:43,0,0,0
BRDA:43,0,1,130
DA:44,0
DA:45,0
DA:49,6
DA:52,7
DA:54,7
DA:55,7
DA:56,7
DA:57,7
BRDA:57,0,0,3
BRDA:57,0,1,4
BRDA:57,0,2,3
BRDA:57,0,3,0
BRDA:57,0,4,3
BRDA:57,0,5,0
DA:60,126
DA:62,126
DA:65,40
DA:67,40
end_of_record
