TN:
SF:/afs/cats.ucsc.edu/users/q/yli685/cse111/Assignment3/src/Circle.cc
FN:9,_ZN6CircleC2ERK5Pointd
FNDA:360,_ZN6CircleC2ERK5Pointd
FN:15,_ZN6Circle11ContainedByER16ReuleauxTriangle
FNDA:14,_ZN6Circle11ContainedByER16ReuleauxTriangle
FN:24,_ZN6Circle11ContainedByER7Polygon
FNDA:14,_ZN6Circle11ContainedByER7Polygon
FN:40,_ZN6Circle11ContainedByERS_
FNDA:40,_ZN6Circle11ContainedByERS_
FN:47,_ZN6Circle6CenterEv
FNDA:629,_ZN6Circle6CenterEv
FN:52,_ZN6Circle6RadiusEv
FNDA:393,_ZN6Circle6RadiusEv
DA:9,360
DA:11,360
DA:12,360
DA:13,360
DA:15,14
DA:17,14
DA:18,14
DA:19,14
DA:20,14
BRDA:20,0,0,6
BRDA:20,0,1,8
BRDA:20,0,2,6
BRDA:20,0,3,0
BRDA:20,0,4,6
BRDA:20,0,5,0
DA:24,14
DA:27,28
DA:28,28
DA:29,14
BRDA:29,0,0,8
BRDA:29,0,1,6
DA:30,36
BRDA:30,0,0,30
BRDA:30,0,1,6
DA:31,30
BRDA:31,0,0,2
BRDA:31,0,1,28
DA:32,2
DA:35,6
DA:37,6
DA:40,40
DA:42,40
DA:43,40
DA:44,40
DA:47,629
DA:49,629
DA:52,393
DA:54,393
end_of_record
TN:
SF:/afs/cats.ucsc.edu/users/q/yli685/cse111/Assignment3/src/Reuleaux.cc
FN:8,_ZN16ReuleauxTriangleC2EPK5Point
FNDA:85,_ZN16ReuleauxTriangleC2EPK5Point
FN:16,_Z4inRTR5PointR16ReuleauxTriangle
FNDA:31,_Z4inRTR5PointR16ReuleauxTriangle
FN:22,_Z7crossRTR16ReuleauxTriangleR5PointS2_
FNDA:18,_Z7crossRTR16ReuleauxTriangleR5PointS2_
FN:28,_ZN16ReuleauxTriangle11ContainedByER6Circle
FNDA:47,_ZN16ReuleauxTriangle11ContainedByER6Circle
FN:52,_ZN16ReuleauxTriangle11ContainedByER7Polygon
FNDA:14,_ZN16ReuleauxTriangle11ContainedByER7Polygon
FN:78,_ZN16ReuleauxTriangle11ContainedByERS_
FNDA:14,_ZN16ReuleauxTriangle11ContainedByERS_
FN:90,_ZN16ReuleauxTriangle8Vertice1Ev
FNDA:91,_ZN16ReuleauxTriangle8Vertice1Ev
FN:94,_ZN16ReuleauxTriangle8Vertice2Ev
FNDA:91,_ZN16ReuleauxTriangle8Vertice2Ev
FN:98,_ZN16ReuleauxTriangle8Vertice3Ev
FNDA:91,_ZN16ReuleauxTriangle8Vertice3Ev
FN:103,_ZN16ReuleauxTriangle6RadiusEv
FNDA:280,_ZN16ReuleauxTriangle6RadiusEv
DA:8,85
DA:10,85
DA:11,85
DA:12,85
DA:13,85
DA:14,85
DA:16,31
DA:17,31
DA:18,31
DA:19,31
DA:20,31
BRDA:20,0,0,26
BRDA:20,0,1,5
BRDA:20,0,2,24
BRDA:20,0,3,2
BRDA:20,0,4,24
BRDA:20,0,5,0
DA:22,18
DA:23,18
DA:24,18
DA:25,18
DA:26,18
BRDA:26,0,0,12
BRDA:26,0,1,6
BRDA:26,0,2,8
BRDA:26,0,3,4
BRDA:26,0,4,4
BRDA:26,0,5,4
DA:28,47
DA:30,47
BRDA:30,0,0,39
BRDA:30,0,1,8
BRDA:30,0,2,31
BRDA:30,0,3,8
BRDA:30,0,4,31
BRDA:30,0,5,0
BRDA:30,0,6,31
BRDA:30,0,7,16
DA:31,31
DA:32,31
BRDA:32,0,0,24
BRDA:32,0,1,7
DA:33,24
DA:36,7
DA:37,7
DA:38,7
DA:39,7
BRDA:39,0,0,2
BRDA:39,0,1,5
DA:40,7
BRDA:40,0,0,2
BRDA:40,0,1,5
DA:41,7
BRDA:41,0,0,0
BRDA:41,0,1,7
DA:42,0
DA:45,7
DA:49,16
DA:52,14
DA:54,28
DA:55,14
BRDA:55,0,0,10
BRDA:55,0,1,4
BRDA:55,0,2,6
BRDA:55,0,3,4
BRDA:55,0,4,6
BRDA:55,0,5,0
BRDA:55,0,6,6
BRDA:55,0,7,8
BRDA:55,0,8,10
BRDA:55,0,9,4
BRDA:55,0,10,14
BRDA:55,0,11,0
BRDA:55,0,12,6
BRDA:55,0,13,8
DA:56,22
BRDA:56,0,0,18
BRDA:56,0,1,4
DA:57,18
BRDA:57,0,0,4
BRDA:57,0,1,14
DA:58,4
DA:59,4
BRDA:59,0,0,2
BRDA:59,0,1,2
DA:60,2
DA:62,4
BRDA:62,0,0,2
BRDA:62,0,1,2
DA:63,2
DA:65,4
BRDA:65,0,0,2
BRDA:65,0,1,2
DA:66,2
DA:68,4
BRDA:68,0,0,2
BRDA:68,0,1,2
DA:69,2
DA:73,4
DA:75,8
DA:78,14
DA:80,14
DA:81,14
DA:82,14
DA:83,14
BRDA:83,0,0,10
BRDA:83,0,1,4
BRDA:83,0,2,6
BRDA:83,0,3,4
BRDA:83,0,4,6
BRDA:83,0,5,0
BRDA:83,0,6,6
BRDA:83,0,7,8
DA:84,6
DA:86,8
DA:90,91
DA:92,91
DA:94,91
DA:96,91
DA:98,91
DA:100,91
DA:103,280
DA:105,280
end_of_record
TN:
SF:/afs/cats.ucsc.edu/users/q/yli685/cse111/Assignment3/src/Geom.cc
FN:12,_ZN4Geom23Point_to_Point_DistanceERK5PointS2_
FNDA:290,_ZN4Geom23Point_to_Point_DistanceERK5PointS2_
FN:20,_ZN4Geom9onSegmentE5PointS0_S0_
FNDA:73,_ZN4Geom9onSegmentE5PointS0_S0_
FN:28,_Z11orientation5PointS_S_
FNDA:2276,_Z11orientation5PointS_S_
FN:37,_ZN4Geom16segmentIntersectE5PointS0_S0_S0_
FNDA:504,_ZN4Geom16segmentIntersectE5PointS0_S0_S0_
FN:69,_ZN4Geom8isInsideESt6vectorI5PointSaIS1_EEiS1_
FNDA:113,_ZN4Geom8isInsideESt6vectorI5PointSaIS1_EEiS1_
FN:106,_ZN4Geom25Point_to_Segment_DistanceERK5PointS2_S2_
FNDA:30,_ZN4Geom25Point_to_Segment_DistanceERK5PointS2_S2_
FN:166,_ZN4Geom10isInCircleER6CircleR5Point
FNDA:198,_ZN4Geom10isInCircleER6CircleR5Point
FN:172,_ZN4Geom11crossCircleER5PointS1_R6Circle
FNDA:38,_ZN4Geom11crossCircleER5PointS1_R6Circle
DA:12,290
DA:14,290
DA:20,73
DA:22,122
BRDA:22,0,0,13
BRDA:22,0,1,60
BRDA:22,0,2,60
BRDA:22,0,3,13
BRDA:22,0,4,45
BRDA:22,0,5,15
BRDA:22,0,6,49
BRDA:22,0,7,11
BRDA:22,0,8,47
BRDA:22,0,9,2
DA:23,96
BRDA:23,0,0,13
BRDA:23,0,1,36
BRDA:23,0,2,10
BRDA:23,0,3,37
BRDA:23,0,4,47
BRDA:23,0,5,0
DA:24,47
DA:25,26
DA:28,2276
DA:30,2276
DA:31,2276
DA:33,2276
BRDA:33,0,0,442
BRDA:33,0,1,1834
DA:34,1834
BRDA:34,0,0,669
BRDA:34,0,1,1165
DA:37,504
DA:41,504
DA:42,504
DA:43,504
DA:44,504
DA:47,504
BRDA:47,0,0,395
BRDA:47,0,1,109
BRDA:47,0,2,365
BRDA:47,0,3,30
BRDA:47,0,4,356
BRDA:47,0,5,9
BRDA:47,0,6,9
BRDA:47,0,7,347
DA:48,157
DA:50,347
BRDA:50,0,0,104
BRDA:50,0,1,243
BRDA:50,0,2,49
BRDA:50,0,3,55
DA:51,49
DA:66,298
DA:69,113
DA:72,113
BRDA:72,0,0,0
BRDA:72,0,1,113
DA:75,113
DA:78,113
DA:79,196
DA:81,309
DA:85,309
BRDA:85,0,0,49
BRDA:85,0,1,260
DA:87,49
DA:92,260
BRDA:92,0,0,61
BRDA:92,0,1,199
DA:93,61
DA:95,248
DA:96,248
BRDA:96,0,0,196
BRDA:96,0,1,52
DA:99,52
DA:106,30
DA:110,30
DA:111,30
DA:112,30
DA:115,30
DA:116,30
DA:117,30
DA:120,30
DA:121,30
DA:122,30
DA:128,30
DA:129,30
DA:133,30
DA:136,30
BRDA:136,0,0,0
BRDA:136,0,1,30
DA:139,0
DA:140,0
DA:141,0
DA:145,30
BRDA:145,0,0,0
BRDA:145,0,1,30
DA:146,0
DA:147,0
DA:148,0
DA:155,30
DA:156,30
DA:157,30
DA:158,30
DA:159,30
DA:160,30
DA:162,30
DA:166,198
DA:168,198
DA:172,38
DA:174,38
DA:175,38
DA:176,38
DA:177,38
DA:178,38
DA:179,38
end_of_record
TN:
SF:/afs/cats.ucsc.edu/users/q/yli685/cse111/Assignment3/src/Polygon.cc
FN:8,_ZN7PolygonC2ESt6vectorI5PointSaIS1_EE
FNDA:104,_ZN7PolygonC2ESt6vectorI5PointSaIS1_EE
FN:21,_ZN7Polygon11ContainedByER6Circle
FNDA:40,_ZN7Polygon11ContainedByER6Circle
FN:33,_ZN7Polygon11ContainedByERS_
FNDA:24,_ZN7Polygon11ContainedByERS_
FN:52,_ZN7Polygon11ContainedByER16ReuleauxTriangle
FNDA:14,_ZN7Polygon11ContainedByER16ReuleauxTriangle
FN:60,_ZN7Polygon8VerticesEv
FNDA:206,_ZN7Polygon8VerticesEv
FN:65,_ZN7Polygon5SidesEv
FNDA:65,_ZN7Polygon5SidesEv
DA:8,104
DA:10,104
DA:11,104
DA:12,104
DA:13,565
BRDA:13,0,0,461
BRDA:13,0,1,104
DA:14,461
DA:15,461
DA:16,461
DA:17,461
DA:19,104
DA:21,40
DA:23,40
DA:24,40
DA:25,138
BRDA:25,0,0,116
BRDA:25,0,1,22
DA:26,116
BRDA:26,0,0,28
BRDA:26,0,1,88
BRDA:26,0,2,18
BRDA:26,0,3,10
BRDA:26,0,4,18
BRDA:26,0,5,98
DA:27,18
DA:30,22
DA:33,24
DA:35,78
BRDA:35,0,0,69
BRDA:35,0,1,9
DA:36,69
BRDA:36,0,0,15
BRDA:36,0,1,54
DA:37,15
DA:38,15
DA:41,54
BRDA:41,0,0,45
BRDA:41,0,1,9
DA:42,240
BRDA:42,0,0,195
BRDA:42,0,1,45
DA:43,195
BRDA:43,0,0,0
BRDA:43,0,1,195
DA:44,0
DA:45,0
DA:49,9
DA:52,14
DA:54,14
DA:55,14
DA:56,14
DA:57,14
BRDA:57,0,0,6
BRDA:57,0,1,8
BRDA:57,0,2,6
BRDA:57,0,3,0
BRDA:57,0,4,6
BRDA:57,0,5,0
DA:60,206
DA:62,206
DA:65,65
DA:67,65
end_of_record
