TN:
SF:/afs/cats.ucsc.edu/users/q/yli685/cse111/Assignment3/src/Circle.cc
FN:9,_ZN6CircleC2ERK5Pointd
FNDA:1557,_ZN6CircleC2ERK5Pointd
FN:15,_ZN6Circle11ContainedByER16ReuleauxTriangle
FNDA:63,_ZN6Circle11ContainedByER16ReuleauxTriangle
FN:24,_ZN6Circle11ContainedByER7Polygon
FNDA:63,_ZN6Circle11ContainedByER7Polygon
FN:40,_ZN6Circle11ContainedByERS_
FNDA:180,_ZN6Circle11ContainedByERS_
FN:47,_ZN6Circle6CenterEv
FNDA:2693,_ZN6Circle6CenterEv
FN:52,_ZN6Circle6RadiusEv
FNDA:1703,_ZN6Circle6RadiusEv
DA:9,1557
DA:11,1557
DA:12,1557
DA:13,1557
DA:15,63
DA:17,63
DA:18,63
DA:19,63
DA:20,63
BRDA:20,0,0,27
BRDA:20,0,1,36
BRDA:20,0,2,27
BRDA:20,0,3,0
BRDA:20,0,4,27
BRDA:20,0,5,0
DA:24,63
DA:27,126
DA:28,126
DA:29,63
BRDA:29,0,0,36
BRDA:29,0,1,27
DA:30,162
BRDA:30,0,0,135
BRDA:30,0,1,27
DA:31,135
BRDA:31,0,0,9
BRDA:31,0,1,126
DA:32,9
DA:35,27
DA:37,27
DA:40,180
DA:42,180
DA:43,180
DA:44,180
DA:47,2693
DA:49,2693
DA:52,1703
DA:54,1703
end_of_record
TN:
SF:/afs/cats.ucsc.edu/users/q/yli685/cse111/Assignment3/src/Reuleaux.cc
FN:8,_ZN16ReuleauxTriangleC2EPK5Point
FNDA:168,_ZN16ReuleauxTriangleC2EPK5Point
FN:16,_Z4inRTR5PointR16ReuleauxTriangle
FNDA:56,_Z4inRTR5PointR16ReuleauxTriangle
FN:22,_Z7crossRTR16ReuleauxTriangleR5PointS2_
FNDA:36,_Z7crossRTR16ReuleauxTriangleR5PointS2_
FN:28,_ZN16ReuleauxTriangle11ContainedByER6Circle
FNDA:88,_ZN16ReuleauxTriangle11ContainedByER6Circle
FN:52,_ZN16ReuleauxTriangle11ContainedByER7Polygon
FNDA:28,_ZN16ReuleauxTriangle11ContainedByER7Polygon
FN:78,_ZN16ReuleauxTriangle11ContainedByERS_
FNDA:28,_ZN16ReuleauxTriangle11ContainedByERS_
FN:90,_ZN16ReuleauxTriangle8Vertice1Ev
FNDA:176,_ZN16ReuleauxTriangle8Vertice1Ev
FN:94,_ZN16ReuleauxTriangle8Vertice2Ev
FNDA:176,_ZN16ReuleauxTriangle8Vertice2Ev
FN:98,_ZN16ReuleauxTriangle8Vertice3Ev
FNDA:176,_ZN16ReuleauxTriangle8Vertice3Ev
FN:103,_ZN16ReuleauxTriangle6RadiusEv
FNDA:540,_ZN16ReuleauxTriangle6RadiusEv
DA:8,168
DA:10,168
DA:11,168
DA:12,168
DA:13,168
DA:14,168
DA:16,56
DA:17,56
DA:18,56
DA:19,56
DA:20,56
BRDA:20,0,0,48
BRDA:20,0,1,8
BRDA:20,0,2,44
BRDA:20,0,3,4
BRDA:20,0,4,44
BRDA:20,0,5,0
DA:22,36
DA:23,36
DA:24,36
DA:25,36
DA:26,36
BRDA:26,0,0,24
BRDA:26,0,1,12
BRDA:26,0,2,16
BRDA:26,0,3,8
BRDA:26,0,4,8
BRDA:26,0,5,8
DA:28,88
DA:30,88
BRDA:30,0,0,76
BRDA:30,0,1,12
BRDA:30,0,2,56
BRDA:30,0,3,20
BRDA:30,0,4,56
BRDA:30,0,5,0
BRDA:30,0,6,56
BRDA:30,0,7,32
DA:31,56
DA:32,56
BRDA:32,0,0,44
BRDA:32,0,1,12
DA:33,44
DA:36,12
DA:37,12
DA:38,12
DA:39,12
BRDA:39,0,0,4
BRDA:39,0,1,8
DA:40,12
BRDA:40,0,0,4
BRDA:40,0,1,8
DA:41,12
BRDA:41,0,0,0
BRDA:41,0,1,12
DA:42,0
DA:45,12
DA:49,32
DA:52,28
DA:54,56
DA:55,28
BRDA:55,0,0,20
BRDA:55,0,1,8
BRDA:55,0,2,12
BRDA:55,0,3,8
BRDA:55,0,4,12
BRDA:55,0,5,0
BRDA:55,0,6,12
BRDA:55,0,7,16
BRDA:55,0,8,20
BRDA:55,0,9,8
BRDA:55,0,10,28
BRDA:55,0,11,0
BRDA:55,0,12,12
BRDA:55,0,13,16
DA:56,44
BRDA:56,0,0,36
BRDA:56,0,1,8
DA:57,36
BRDA:57,0,0,8
BRDA:57,0,1,28
DA:58,8
DA:59,8
BRDA:59,0,0,4
BRDA:59,0,1,4
DA:60,4
DA:62,8
BRDA:62,0,0,4
BRDA:62,0,1,4
DA:63,4
DA:65,8
BRDA:65,0,0,4
BRDA:65,0,1,4
DA:66,4
DA:68,8
BRDA:68,0,0,4
BRDA:68,0,1,4
DA:69,4
DA:73,8
DA:75,16
DA:78,28
DA:80,28
DA:81,28
DA:82,28
DA:83,28
BRDA:83,0,0,20
BRDA:83,0,1,8
BRDA:83,0,2,12
BRDA:83,0,3,8
BRDA:83,0,4,12
BRDA:83,0,5,0
BRDA:83,0,6,12
BRDA:83,0,7,16
DA:84,12
DA:86,16
DA:90,176
DA:92,176
DA:94,176
DA:96,176
DA:98,176
DA:100,176
DA:103,540
DA:105,540
end_of_record
TN:
SF:/afs/cats.ucsc.edu/users/q/yli685/cse111/Assignment3/src/Geom.cc
FN:12,_ZN4Geom23Point_to_Point_DistanceERK5PointS2_
FNDA:1263,_ZN4Geom23Point_to_Point_DistanceERK5PointS2_
FN:20,_ZN4Geom9onSegmentE5PointS0_S0_
FNDA:226,_ZN4Geom9onSegmentE5PointS0_S0_
FN:28,_Z11orientation5PointS_S_
FNDA:6471,_Z11orientation5PointS_S_
FN:37,_ZN4Geom16segmentIntersectE5PointS0_S0_S0_
FNDA:1427,_ZN4Geom16segmentIntersectE5PointS0_S0_S0_
FN:69,_ZN4Geom8isInsideESt6vectorI5PointSaIS1_EEiS1_
FNDA:314,_ZN4Geom8isInsideESt6vectorI5PointSaIS1_EEiS1_
FN:106,_ZN4Geom25Point_to_Segment_DistanceERK5PointS2_S2_
FNDA:135,_ZN4Geom25Point_to_Segment_DistanceERK5PointS2_S2_
FN:166,_ZN4Geom10isInCircleER6CircleR5Point
FNDA:828,_ZN4Geom10isInCircleER6CircleR5Point
FN:172,_ZN4Geom11crossCircleER5PointS1_R6Circle
FNDA:173,_ZN4Geom11crossCircleER5PointS1_R6Circle
DA:12,1263
DA:14,1263
DA:20,226
DA:22,371
BRDA:22,0,0,47
BRDA:22,0,1,179
BRDA:22,0,2,193
BRDA:22,0,3,33
BRDA:22,0,4,125
BRDA:22,0,5,68
BRDA:22,0,6,145
BRDA:22,0,7,48
BRDA:22,0,8,130
BRDA:22,0,9,15
DA:23,275
BRDA:23,0,0,43
BRDA:23,0,1,102
BRDA:23,0,2,31
BRDA:23,0,3,99
BRDA:23,0,4,129
BRDA:23,0,5,1
DA:24,129
DA:25,97
DA:28,6471
DA:30,6471
DA:31,6471
DA:33,6471
BRDA:33,0,0,1153
BRDA:33,0,1,5318
DA:34,5318
BRDA:34,0,0,1991
BRDA:34,0,1,3327
DA:37,1427
DA:41,1427
DA:42,1427
DA:43,1427
DA:44,1427
DA:47,1427
BRDA:47,0,0,1144
BRDA:47,0,1,283
BRDA:47,0,2,1062
BRDA:47,0,3,82
BRDA:47,0,4,1033
BRDA:47,0,5,29
BRDA:47,0,6,29
BRDA:47,0,7,1004
DA:48,423
DA:50,1004
BRDA:50,0,0,278
BRDA:50,0,1,726
BRDA:50,0,2,135
BRDA:50,0,3,143
DA:51,135
DA:66,869
DA:69,314
DA:72,314
BRDA:72,0,0,0
BRDA:72,0,1,314
DA:75,314
DA:78,314
DA:79,584
DA:81,898
DA:85,898
BRDA:85,0,0,135
BRDA:85,0,1,763
DA:87,135
DA:92,763
BRDA:92,0,0,151
BRDA:92,0,1,612
DA:93,151
DA:95,747
DA:96,747
BRDA:96,0,0,584
BRDA:96,0,1,163
DA:99,163
DA:106,135
DA:110,135
DA:111,135
DA:112,135
DA:115,135
DA:116,135
DA:117,135
DA:120,135
DA:121,135
DA:122,135
DA:128,135
DA:129,135
DA:133,135
DA:136,135
BRDA:136,0,0,0
BRDA:136,0,1,135
DA:139,0
DA:140,0
DA:141,0
DA:145,135
BRDA:145,0,0,0
BRDA:145,0,1,135
DA:146,0
DA:147,0
DA:148,0
DA:155,135
DA:156,135
DA:157,135
DA:158,135
DA:159,135
DA:160,135
DA:162,135
DA:166,828
DA:168,828
DA:172,173
DA:174,173
DA:175,173
DA:176,173
DA:177,173
DA:178,173
DA:179,173
end_of_record
TN:
SF:/afs/cats.ucsc.edu/users/q/yli685/cse111/Assignment3/src/Polygon.cc
FN:8,_ZN7PolygonC2ESt6vectorI5PointSaIS1_EE
FNDA:262,_ZN7PolygonC2ESt6vectorI5PointSaIS1_EE
FN:21,_ZN7Polygon11ContainedByER6Circle
FNDA:120,_ZN7Polygon11ContainedByER6Circle
FN:33,_ZN7Polygon11ContainedByERS_
FNDA:50,_ZN7Polygon11ContainedByERS_
FN:50,_ZN7Polygon11ContainedByER16ReuleauxTriangle
FNDA:42,_ZN7Polygon11ContainedByER16ReuleauxTriangle
FN:58,_ZN7Polygon8VerticesEv
FNDA:446,_ZN7Polygon8VerticesEv
FN:63,_ZN7Polygon5SidesEv
FNDA:142,_ZN7Polygon5SidesEv
DA:8,262
DA:10,262
DA:11,262
DA:12,262
DA:13,1390
BRDA:13,0,0,1128
BRDA:13,0,1,262
DA:14,1128
DA:15,1128
DA:16,1128
DA:17,1128
DA:19,262
DA:21,120
DA:23,120
DA:24,120
DA:25,414
BRDA:25,0,0,348
BRDA:25,0,1,66
DA:26,348
BRDA:26,0,0,84
BRDA:26,0,1,264
BRDA:26,0,2,54
BRDA:26,0,3,30
BRDA:26,0,4,54
BRDA:26,0,5,294
DA:27,54
DA:30,66
DA:33,50
DA:35,146
BRDA:35,0,0,128
BRDA:35,0,1,18
DA:36,128
BRDA:36,0,0,32
BRDA:36,0,1,96
DA:37,32
DA:40,98
BRDA:40,0,0,80
BRDA:40,0,1,18
DA:41,414
BRDA:41,0,0,334
BRDA:41,0,1,80
DA:42,334
BRDA:42,0,0,0
BRDA:42,0,1,334
DA:43,0
DA:47,18
DA:50,42
DA:52,42
DA:53,42
DA:54,42
DA:55,42
BRDA:55,0,0,18
BRDA:55,0,1,24
BRDA:55,0,2,18
BRDA:55,0,3,0
BRDA:55,0,4,18
BRDA:55,0,5,0
DA:58,446
DA:60,446
DA:63,142
DA:65,142
end_of_record
