TN:
SF:/afs/cats.ucsc.edu/users/q/yli685/cse111/Assignment3/src/Circle.cc
FN:9,_ZN6CircleC2ERK5Pointd
FNDA:636,_ZN6CircleC2ERK5Pointd
FN:15,_ZN6Circle11ContainedByER16ReuleauxTriangle
FNDA:28,_ZN6Circle11ContainedByER16ReuleauxTriangle
FN:24,_ZN6Circle11ContainedByER7Polygon
FNDA:28,_ZN6Circle11ContainedByER7Polygon
FN:40,_ZN6Circle11ContainedByERS_
FNDA:80,_ZN6Circle11ContainedByERS_
FN:47,_ZN6Circle6CenterEv
FNDA:1156,_ZN6Circle6CenterEv
FN:52,_ZN6Circle6RadiusEv
FNDA:716,_ZN6Circle6RadiusEv
DA:9,636
DA:11,636
DA:12,636
DA:13,636
DA:15,28
DA:17,28
DA:18,28
DA:19,28
DA:20,28
BRDA:20,0,0,12
BRDA:20,0,1,16
BRDA:20,0,2,12
BRDA:20,0,3,0
BRDA:20,0,4,12
BRDA:20,0,5,0
DA:24,28
DA:27,56
DA:28,56
DA:29,28
BRDA:29,0,0,16
BRDA:29,0,1,12
DA:30,72
BRDA:30,0,0,60
BRDA:30,0,1,12
DA:31,60
BRDA:31,0,0,4
BRDA:31,0,1,56
DA:32,4
DA:35,12
DA:37,12
DA:40,80
DA:42,80
DA:43,80
DA:44,80
DA:47,1156
DA:49,1156
DA:52,716
DA:54,716
end_of_record
TN:
SF:/afs/cats.ucsc.edu/users/q/yli685/cse111/Assignment3/src/Reuleaux.cc
FN:8,_ZN16ReuleauxTriangleC2EPK5Point
FNDA:144,_ZN16ReuleauxTriangleC2EPK5Point
FN:16,_Z4inRTR5PointR16ReuleauxTriangle
FNDA:56,_Z4inRTR5PointR16ReuleauxTriangle
FN:22,_Z7crossRTR16ReuleauxTriangleR5PointS2_
FNDA:16,_Z7crossRTR16ReuleauxTriangleR5PointS2_
FN:28,_ZN16ReuleauxTriangle11ContainedByER6Circle
FNDA:88,_ZN16ReuleauxTriangle11ContainedByER6Circle
FN:52,_ZN16ReuleauxTriangle11ContainedByER7Polygon
FNDA:4,_ZN16ReuleauxTriangle11ContainedByER7Polygon
FN:74,_ZN16ReuleauxTriangle11ContainedByERS_
FNDA:28,_ZN16ReuleauxTriangle11ContainedByERS_
FN:86,_ZN16ReuleauxTriangle8Vertice1Ev
FNDA:156,_ZN16ReuleauxTriangle8Vertice1Ev
FN:90,_ZN16ReuleauxTriangle8Vertice2Ev
FNDA:156,_ZN16ReuleauxTriangle8Vertice2Ev
FN:94,_ZN16ReuleauxTriangle8Vertice3Ev
FNDA:156,_ZN16ReuleauxTriangle8Vertice3Ev
FN:99,_ZN16ReuleauxTriangle6RadiusEv
FNDA:480,_ZN16ReuleauxTriangle6RadiusEv
DA:8,144
DA:10,144
DA:11,144
DA:12,144
DA:13,144
DA:14,144
DA:16,56
DA:17,56
DA:18,56
DA:19,56
DA:20,56
BRDA:20,0,0,48
BRDA:20,0,1,8
BRDA:20,0,2,44
BRDA:20,0,3,4
BRDA:20,0,4,44
BRDA:20,0,5,0
DA:22,16
DA:23,16
DA:24,16
DA:25,16
DA:26,16
BRDA:26,0,0,12
BRDA:26,0,1,4
BRDA:26,0,2,8
BRDA:26,0,3,4
BRDA:26,0,4,4
BRDA:26,0,5,4
DA:28,88
DA:30,88
BRDA:30,0,0,76
BRDA:30,0,1,12
BRDA:30,0,2,56
BRDA:30,0,3,20
BRDA:30,0,4,56
BRDA:30,0,5,0
BRDA:30,0,6,56
BRDA:30,0,7,32
DA:31,56
DA:32,56
BRDA:32,0,0,44
BRDA:32,0,1,12
DA:33,44
DA:36,12
DA:37,12
DA:38,12
DA:39,12
BRDA:39,0,0,4
BRDA:39,0,1,8
DA:40,12
BRDA:40,0,0,4
BRDA:40,0,1,8
DA:41,12
BRDA:41,0,0,0
BRDA:41,0,1,12
DA:42,0
DA:45,12
DA:49,32
DA:52,4
DA:54,20
BRDA:54,0,0,16
BRDA:54,0,1,4
DA:55,16
BRDA:55,0,0,4
BRDA:55,0,1,12
DA:56,4
DA:57,4
BRDA:57,0,0,0
BRDA:57,0,1,4
DA:58,0
DA:60,4
BRDA:60,0,0,4
BRDA:60,0,1,0
DA:61,4
DA:63,4
BRDA:63,0,0,0
BRDA:63,0,1,4
DA:64,0
DA:66,4
BRDA:66,0,0,0
BRDA:66,0,1,4
DA:67,0
DA:71,4
DA:74,28
DA:76,28
DA:77,28
DA:78,28
DA:79,28
BRDA:79,0,0,20
BRDA:79,0,1,8
BRDA:79,0,2,12
BRDA:79,0,3,8
BRDA:79,0,4,12
BRDA:79,0,5,0
BRDA:79,0,6,12
BRDA:79,0,7,16
DA:80,12
DA:82,16
DA:86,156
DA:88,156
DA:90,156
DA:92,156
DA:94,156
DA:96,156
DA:99,480
DA:101,480
end_of_record
TN:
SF:/afs/cats.ucsc.edu/users/q/yli685/cse111/Assignment3/src/Geom.cc
FN:12,_ZN4Geom23Point_to_Point_DistanceERK5PointS2_
FNDA:548,_ZN4Geom23Point_to_Point_DistanceERK5PointS2_
FN:20,_ZN4Geom9onSegmentE5PointS0_S0_
FNDA:64,_ZN4Geom9onSegmentE5PointS0_S0_
FN:28,_Z11orientation5PointS_S_
FNDA:2652,_Z11orientation5PointS_S_
FN:37,_ZN4Geom16segmentIntersectE5PointS0_S0_S0_
FNDA:592,_ZN4Geom16segmentIntersectE5PointS0_S0_S0_
FN:69,_ZN4Geom8isInsideESt6vectorI5PointSaIS1_EEiS1_
FNDA:112,_ZN4Geom8isInsideESt6vectorI5PointSaIS1_EEiS1_
FN:106,_ZN4Geom25Point_to_Segment_DistanceERK5PointS2_S2_
FNDA:60,_ZN4Geom25Point_to_Segment_DistanceERK5PointS2_S2_
FN:166,_ZN4Geom10isInCircleER6CircleR5Point
FNDA:368,_ZN4Geom10isInCircleER6CircleR5Point
FN:172,_ZN4Geom11crossCircleER5PointS1_R6Circle
FNDA:36,_ZN4Geom11crossCircleER5PointS1_R6Circle
DA:12,548
DA:14,548
DA:20,64
DA:22,112
BRDA:22,0,0,8
BRDA:22,0,1,56
BRDA:22,0,2,52
BRDA:22,0,3,12
BRDA:22,0,4,36
BRDA:22,0,5,16
BRDA:22,0,6,48
BRDA:22,0,7,4
BRDA:22,0,8,44
BRDA:22,0,9,4
DA:23,92
BRDA:23,0,0,12
BRDA:23,0,1,36
BRDA:23,0,2,12
BRDA:23,0,3,32
BRDA:23,0,4,44
BRDA:23,0,5,0
DA:24,44
DA:25,20
DA:28,2652
DA:30,2652
DA:31,2652
DA:33,2652
BRDA:33,0,0,464
BRDA:33,0,1,2188
DA:34,2188
BRDA:34,0,0,776
BRDA:34,0,1,1412
DA:37,592
DA:41,592
DA:42,592
DA:43,592
DA:44,592
DA:47,592
BRDA:47,0,0,476
BRDA:47,0,1,116
BRDA:47,0,2,436
BRDA:47,0,3,40
BRDA:47,0,4,424
BRDA:47,0,5,12
BRDA:47,0,6,12
BRDA:47,0,7,412
DA:48,180
DA:50,412
BRDA:50,0,0,112
BRDA:50,0,1,300
BRDA:50,0,2,48
BRDA:50,0,3,64
DA:51,48
DA:66,364
DA:69,112
DA:72,112
BRDA:72,0,0,0
BRDA:72,0,1,112
DA:75,112
DA:78,112
DA:79,220
DA:81,332
DA:85,332
BRDA:85,0,0,48
BRDA:85,0,1,284
DA:87,48
DA:92,284
BRDA:92,0,0,52
BRDA:92,0,1,232
DA:93,52
DA:95,280
DA:96,280
BRDA:96,0,0,220
BRDA:96,0,1,60
DA:99,60
DA:106,60
DA:110,60
DA:111,60
DA:112,60
DA:115,60
DA:116,60
DA:117,60
DA:120,60
DA:121,60
DA:122,60
DA:128,60
DA:129,60
DA:133,60
DA:136,60
BRDA:136,0,0,0
BRDA:136,0,1,60
DA:139,0
DA:140,0
DA:141,0
DA:145,60
BRDA:145,0,0,0
BRDA:145,0,1,60
DA:146,0
DA:147,0
DA:148,0
DA:155,60
DA:156,60
DA:157,60
DA:158,60
DA:159,60
DA:160,60
DA:162,60
DA:166,368
DA:168,368
DA:172,36
DA:174,36
DA:175,36
DA:176,36
DA:177,36
DA:178,36
DA:179,36
end_of_record
TN:
SF:/afs/cats.ucsc.edu/users/q/yli685/cse111/Assignment3/src/Polygon.cc
FN:8,_ZN7PolygonC2ESt6vectorI5PointSaIS1_EE
FNDA:36,_ZN7PolygonC2ESt6vectorI5PointSaIS1_EE
FN:21,_ZN7Polygon11ContainedByER6Circle
FNDA:20,_ZN7Polygon11ContainedByER6Circle
FN:33,_ZN7Polygon11ContainedByERS_
FNDA:7,_ZN7Polygon11ContainedByERS_
FN:50,_ZN7Polygon11ContainedByER16ReuleauxTriangle
FNDA:7,_ZN7Polygon11ContainedByER16ReuleauxTriangle
FN:58,_ZN7Polygon8VerticesEv
FNDA:69,_ZN7Polygon8VerticesEv
FN:63,_ZN7Polygon5SidesEv
FNDA:23,_ZN7Polygon5SidesEv
DA:8,36
DA:10,36
DA:11,36
DA:12,36
DA:13,197
BRDA:13,0,0,161
BRDA:13,0,1,36
DA:14,161
DA:15,161
DA:16,161
DA:17,161
DA:19,36
DA:21,20
DA:23,20
DA:24,20
DA:25,69
BRDA:25,0,0,58
BRDA:25,0,1,11
DA:26,58
BRDA:26,0,0,14
BRDA:26,0,1,44
BRDA:26,0,2,9
BRDA:26,0,3,5
BRDA:26,0,4,9
BRDA:26,0,5,49
DA:27,9
DA:30,11
DA:33,7
DA:35,24
BRDA:35,0,0,21
BRDA:35,0,1,3
DA:36,21
BRDA:36,0,0,4
BRDA:36,0,1,17
DA:37,4
DA:40,18
BRDA:40,0,0,15
BRDA:40,0,1,3
DA:41,80
BRDA:41,0,0,65
BRDA:41,0,1,15
DA:42,65
BRDA:42,0,0,0
BRDA:42,0,1,65
DA:43,0
DA:47,3
DA:50,7
DA:52,7
DA:53,7
DA:54,7
DA:55,7
BRDA:55,0,0,3
BRDA:55,0,1,4
BRDA:55,0,2,3
BRDA:55,0,3,0
BRDA:55,0,4,3
BRDA:55,0,5,0
DA:58,69
DA:60,69
DA:63,23
DA:65,23
end_of_record
